2021-11-25 11:08:08,264 - Log4JLogChute initialized using file 'velocity.log'
2021-11-25 11:08:08,265 - Initializing Velocity, Calling init()...
2021-11-25 11:08:08,266 - Starting Apache Velocity v1.7 (compiled: 2010-11-19 12:14:37)
2021-11-25 11:08:08,266 - Default Properties File: org\apache\velocity\runtime\defaults\velocity.properties
2021-11-25 11:08:08,266 - Trying to use logger class org.apache.velocity.runtime.log.AvalonLogChute
2021-11-25 11:08:08,266 - Target log system for org.apache.velocity.runtime.log.AvalonLogChute is not available (java.lang.NoClassDefFoundError: org/apache/log/Priority).  Falling back to next log system...
2021-11-25 11:08:08,266 - Trying to use logger class org.apache.velocity.runtime.log.Log4JLogChute
2021-11-25 11:08:08,266 - Using logger class org.apache.velocity.runtime.log.Log4JLogChute
2021-11-25 11:08:08,278 - ResourceLoader instantiated: org.apache.velocity.runtime.resource.loader.ClasspathResourceLoader
2021-11-25 11:08:08,307 - ResourceCache: initialized (class org.apache.velocity.runtime.resource.ResourceCacheImpl) with class java.util.Collections$SynchronizedMap cache map.
2021-11-25 11:08:08,314 - Loaded System Directive: org.apache.velocity.runtime.directive.Stop
2021-11-25 11:08:08,316 - Loaded System Directive: org.apache.velocity.runtime.directive.Define
2021-11-25 11:08:08,317 - Loaded System Directive: org.apache.velocity.runtime.directive.Break
2021-11-25 11:08:08,318 - Loaded System Directive: org.apache.velocity.runtime.directive.Evaluate
2021-11-25 11:08:08,321 - Loaded System Directive: org.apache.velocity.runtime.directive.Literal
2021-11-25 11:08:08,324 - Loaded System Directive: org.apache.velocity.runtime.directive.Macro
2021-11-25 11:08:08,326 - Loaded System Directive: org.apache.velocity.runtime.directive.Parse
2021-11-25 11:08:08,327 - Loaded System Directive: org.apache.velocity.runtime.directive.Include
2021-11-25 11:08:08,329 - Loaded System Directive: org.apache.velocity.runtime.directive.Foreach
2021-11-25 11:08:08,354 - Created '20' parsers.
2021-11-25 11:08:08,359 - Velocimacro : "velocimacro.library" is not set.  Trying default library: VM_global_library.vm
2021-11-25 11:08:08,362 - Could not load resource 'VM_global_library.vm' from ResourceLoader org.apache.velocity.runtime.resource.loader.ClasspathResourceLoader: ClasspathResourceLoader Error: cannot find resource VM_global_library.vm
2021-11-25 11:08:08,362 - Velocimacro : Default library not found.
2021-11-25 11:08:08,362 - Velocimacro : allowInline = true : VMs can be defined inline in templates
2021-11-25 11:08:08,362 - Velocimacro : allowInlineToOverride = false : VMs defined inline may NOT replace previous VM definitions
2021-11-25 11:08:08,362 - Velocimacro : allowInlineLocal = false : VMs defined inline will be global in scope if allowed.
2021-11-25 11:08:08,362 - Velocimacro : autoload off : VM system will not automatically reload global library macros
2021-11-25 11:08:08,398 - ResourceManager : found /templates/sql/menu.sql.vm with loader org.apache.velocity.runtime.resource.loader.ClasspathResourceLoader
2021-11-25 11:08:08,426 - ResourceManager : found /templates/entityVO.java.vm with loader org.apache.velocity.runtime.resource.loader.ClasspathResourceLoader
2021-11-25 11:08:08,439 - ResourceManager : found /templates/entityDTO.java.vm with loader org.apache.velocity.runtime.resource.loader.ClasspathResourceLoader
2021-11-25 11:08:08,449 - ResourceManager : found /templates/wrapper.java.vm with loader org.apache.velocity.runtime.resource.loader.ClasspathResourceLoader
2021-11-25 11:08:08,452 - ResourceManager : found /templates/saber/api.js.vm with loader org.apache.velocity.runtime.resource.loader.ClasspathResourceLoader
2021-11-25 11:08:08,464 - ResourceManager : found /templates/saber/crud.vue.vm with loader org.apache.velocity.runtime.resource.loader.ClasspathResourceLoader
2021-11-25 11:08:08,470 - Null reference [template '/templates/saber/crud.vue.vm', line 102, column 16] : $message cannot be resolved.
2021-11-25 11:08:08,470 - Null reference [template '/templates/saber/crud.vue.vm', line 115, column 16] : $message cannot be resolved.
2021-11-25 11:08:08,470 - Null reference [template '/templates/saber/crud.vue.vm', line 126, column 14] : $confirm cannot be resolved.
2021-11-25 11:08:08,470 - Null reference [template '/templates/saber/crud.vue.vm', line 136, column 18] : $message cannot be resolved.
2021-11-25 11:08:08,470 - Null reference [template '/templates/saber/crud.vue.vm', line 144, column 16] : $message.warning("请选择至少一条数据") cannot be resolved.
2021-11-25 11:08:08,470 - Null reference [template '/templates/saber/crud.vue.vm', line 147, column 14] : $confirm cannot be resolved.
2021-11-25 11:08:08,470 - Null reference [template '/templates/saber/crud.vue.vm', line 157, column 18] : $message cannot be resolved.
2021-11-25 11:08:08,470 - Null reference [template '/templates/saber/crud.vue.vm', line 161, column 18] : $refs.crud.toggleSelection() cannot be resolved.
2021-11-25 11:08:08,470 - Null reference [template '/templates/saber/crud.vue.vm', line 187, column 14] : $refs.crud.toggleSelection() cannot be resolved.
2021-11-25 11:08:08,485 - ResourceManager : found /templates/entity.java.vm with loader org.apache.velocity.runtime.resource.loader.ClasspathResourceLoader
2021-11-25 11:08:08,488 - Left side ($!{versionFieldName}) of '==' operation has null value. If it is a reference, it may not be in the context or its toString() returned null. /templates/entity.java.vm[line 95, column 27]
2021-11-25 11:08:08,488 - Left side ($!{logicDeleteFieldName}) of '==' operation has null value. If it is a reference, it may not be in the context or its toString() returned null. /templates/entity.java.vm[line 99, column 31]
2021-11-25 11:08:08,488 - Left side ($!{versionFieldName}) of '==' operation has null value. If it is a reference, it may not be in the context or its toString() returned null. /templates/entity.java.vm[line 95, column 27]
2021-11-25 11:08:08,488 - Left side ($!{logicDeleteFieldName}) of '==' operation has null value. If it is a reference, it may not be in the context or its toString() returned null. /templates/entity.java.vm[line 99, column 31]
2021-11-25 11:08:08,489 - Left side ($!{versionFieldName}) of '==' operation has null value. If it is a reference, it may not be in the context or its toString() returned null. /templates/entity.java.vm[line 95, column 27]
2021-11-25 11:08:08,489 - Left side ($!{logicDeleteFieldName}) of '==' operation has null value. If it is a reference, it may not be in the context or its toString() returned null. /templates/entity.java.vm[line 99, column 31]
2021-11-25 11:08:08,489 - Left side ($!{versionFieldName}) of '==' operation has null value. If it is a reference, it may not be in the context or its toString() returned null. /templates/entity.java.vm[line 95, column 27]
2021-11-25 11:08:08,489 - Left side ($!{logicDeleteFieldName}) of '==' operation has null value. If it is a reference, it may not be in the context or its toString() returned null. /templates/entity.java.vm[line 99, column 31]
2021-11-25 11:08:08,489 - Left side ($!{versionFieldName}) of '==' operation has null value. If it is a reference, it may not be in the context or its toString() returned null. /templates/entity.java.vm[line 95, column 27]
2021-11-25 11:08:08,489 - Left side ($!{logicDeleteFieldName}) of '==' operation has null value. If it is a reference, it may not be in the context or its toString() returned null. /templates/entity.java.vm[line 99, column 31]
2021-11-25 11:08:08,489 - Left side ($!{versionFieldName}) of '==' operation has null value. If it is a reference, it may not be in the context or its toString() returned null. /templates/entity.java.vm[line 95, column 27]
2021-11-25 11:08:08,489 - Left side ($!{logicDeleteFieldName}) of '==' operation has null value. If it is a reference, it may not be in the context or its toString() returned null. /templates/entity.java.vm[line 99, column 31]
2021-11-25 11:08:08,489 - Left side ($!{versionFieldName}) of '==' operation has null value. If it is a reference, it may not be in the context or its toString() returned null. /templates/entity.java.vm[line 95, column 27]
2021-11-25 11:08:08,490 - Left side ($!{logicDeleteFieldName}) of '==' operation has null value. If it is a reference, it may not be in the context or its toString() returned null. /templates/entity.java.vm[line 99, column 31]
2021-11-25 11:08:08,490 - Left side ($!{versionFieldName}) of '==' operation has null value. If it is a reference, it may not be in the context or its toString() returned null. /templates/entity.java.vm[line 95, column 27]
2021-11-25 11:08:08,490 - Left side ($!{logicDeleteFieldName}) of '==' operation has null value. If it is a reference, it may not be in the context or its toString() returned null. /templates/entity.java.vm[line 99, column 31]
2021-11-25 11:08:08,490 - Left side ($!{versionFieldName}) of '==' operation has null value. If it is a reference, it may not be in the context or its toString() returned null. /templates/entity.java.vm[line 95, column 27]
2021-11-25 11:08:08,490 - Left side ($!{logicDeleteFieldName}) of '==' operation has null value. If it is a reference, it may not be in the context or its toString() returned null. /templates/entity.java.vm[line 99, column 31]
2021-11-25 11:08:08,490 - Left side ($!{versionFieldName}) of '==' operation has null value. If it is a reference, it may not be in the context or its toString() returned null. /templates/entity.java.vm[line 95, column 27]
2021-11-25 11:08:08,490 - Left side ($!{logicDeleteFieldName}) of '==' operation has null value. If it is a reference, it may not be in the context or its toString() returned null. /templates/entity.java.vm[line 99, column 31]
2021-11-25 11:08:08,490 - Left side ($!{versionFieldName}) of '==' operation has null value. If it is a reference, it may not be in the context or its toString() returned null. /templates/entity.java.vm[line 95, column 27]
2021-11-25 11:08:08,490 - Left side ($!{logicDeleteFieldName}) of '==' operation has null value. If it is a reference, it may not be in the context or its toString() returned null. /templates/entity.java.vm[line 99, column 31]
2021-11-25 11:08:08,490 - Left side ($!{versionFieldName}) of '==' operation has null value. If it is a reference, it may not be in the context or its toString() returned null. /templates/entity.java.vm[line 95, column 27]
2021-11-25 11:08:08,490 - Left side ($!{logicDeleteFieldName}) of '==' operation has null value. If it is a reference, it may not be in the context or its toString() returned null. /templates/entity.java.vm[line 99, column 31]
2021-11-25 11:08:08,491 - Left side ($!{versionFieldName}) of '==' operation has null value. If it is a reference, it may not be in the context or its toString() returned null. /templates/entity.java.vm[line 95, column 27]
2021-11-25 11:08:08,491 - Left side ($!{logicDeleteFieldName}) of '==' operation has null value. If it is a reference, it may not be in the context or its toString() returned null. /templates/entity.java.vm[line 99, column 31]
2021-11-25 11:08:08,491 - Left side ($!{versionFieldName}) of '==' operation has null value. If it is a reference, it may not be in the context or its toString() returned null. /templates/entity.java.vm[line 95, column 27]
2021-11-25 11:08:08,491 - Left side ($!{logicDeleteFieldName}) of '==' operation has null value. If it is a reference, it may not be in the context or its toString() returned null. /templates/entity.java.vm[line 99, column 31]
2021-11-25 11:08:08,497 - ResourceManager : found /templates/mapper.java.vm with loader org.apache.velocity.runtime.resource.loader.ClasspathResourceLoader
2021-11-25 11:08:08,502 - ResourceManager : found /templates/mapper.xml.vm with loader org.apache.velocity.runtime.resource.loader.ClasspathResourceLoader
2021-11-25 11:08:08,509 - ResourceManager : found /templates/service.java.vm with loader org.apache.velocity.runtime.resource.loader.ClasspathResourceLoader
2021-11-25 11:08:08,513 - ResourceManager : found /templates/serviceImpl.java.vm with loader org.apache.velocity.runtime.resource.loader.ClasspathResourceLoader
2021-11-25 11:08:08,526 - ResourceManager : found /templates/controller.java.vm with loader org.apache.velocity.runtime.resource.loader.ClasspathResourceLoader
2021-11-26 15:24:30,310 - Log4JLogChute initialized using file 'velocity.log'
2021-11-26 15:24:30,311 - Initializing Velocity, Calling init()...
2021-11-26 15:24:30,311 - Starting Apache Velocity v1.7 (compiled: 2010-11-19 12:14:37)
2021-11-26 15:24:30,311 - Default Properties File: org\apache\velocity\runtime\defaults\velocity.properties
2021-11-26 15:24:30,311 - Trying to use logger class org.apache.velocity.runtime.log.AvalonLogChute
2021-11-26 15:24:30,311 - Target log system for org.apache.velocity.runtime.log.AvalonLogChute is not available (java.lang.NoClassDefFoundError: org/apache/log/Priority).  Falling back to next log system...
2021-11-26 15:24:30,311 - Trying to use logger class org.apache.velocity.runtime.log.Log4JLogChute
2021-11-26 15:24:30,311 - Using logger class org.apache.velocity.runtime.log.Log4JLogChute
2021-11-26 15:24:30,316 - ResourceLoader instantiated: org.apache.velocity.runtime.resource.loader.ClasspathResourceLoader
2021-11-26 15:24:30,336 - ResourceCache: initialized (class org.apache.velocity.runtime.resource.ResourceCacheImpl) with class java.util.Collections$SynchronizedMap cache map.
2021-11-26 15:24:30,340 - Loaded System Directive: org.apache.velocity.runtime.directive.Stop
2021-11-26 15:24:30,342 - Loaded System Directive: org.apache.velocity.runtime.directive.Define
2021-11-26 15:24:30,343 - Loaded System Directive: org.apache.velocity.runtime.directive.Break
2021-11-26 15:24:30,344 - Loaded System Directive: org.apache.velocity.runtime.directive.Evaluate
2021-11-26 15:24:30,345 - Loaded System Directive: org.apache.velocity.runtime.directive.Literal
2021-11-26 15:24:30,346 - Loaded System Directive: org.apache.velocity.runtime.directive.Macro
2021-11-26 15:24:30,347 - Loaded System Directive: org.apache.velocity.runtime.directive.Parse
2021-11-26 15:24:30,349 - Loaded System Directive: org.apache.velocity.runtime.directive.Include
2021-11-26 15:24:30,350 - Loaded System Directive: org.apache.velocity.runtime.directive.Foreach
2021-11-26 15:24:30,375 - Created '20' parsers.
2021-11-26 15:24:30,378 - Velocimacro : "velocimacro.library" is not set.  Trying default library: VM_global_library.vm
2021-11-26 15:24:30,380 - Could not load resource 'VM_global_library.vm' from ResourceLoader org.apache.velocity.runtime.resource.loader.ClasspathResourceLoader: ClasspathResourceLoader Error: cannot find resource VM_global_library.vm
2021-11-26 15:24:30,380 - Velocimacro : Default library not found.
2021-11-26 15:24:30,380 - Velocimacro : allowInline = true : VMs can be defined inline in templates
2021-11-26 15:24:30,380 - Velocimacro : allowInlineToOverride = false : VMs defined inline may NOT replace previous VM definitions
2021-11-26 15:24:30,380 - Velocimacro : allowInlineLocal = false : VMs defined inline will be global in scope if allowed.
2021-11-26 15:24:30,380 - Velocimacro : autoload off : VM system will not automatically reload global library macros
2021-11-26 15:24:30,416 - ResourceManager : found /templates/sql/menu.sql.vm with loader org.apache.velocity.runtime.resource.loader.ClasspathResourceLoader
2021-11-26 15:24:30,442 - ResourceManager : found /templates/entityVO.java.vm with loader org.apache.velocity.runtime.resource.loader.ClasspathResourceLoader
2021-11-26 15:24:30,452 - ResourceManager : found /templates/entityDTO.java.vm with loader org.apache.velocity.runtime.resource.loader.ClasspathResourceLoader
2021-11-26 15:24:30,457 - ResourceManager : found /templates/wrapper.java.vm with loader org.apache.velocity.runtime.resource.loader.ClasspathResourceLoader
2021-11-26 15:24:30,460 - ResourceManager : found /templates/saber/api.js.vm with loader org.apache.velocity.runtime.resource.loader.ClasspathResourceLoader
2021-11-26 15:24:30,468 - ResourceManager : found /templates/saber/crud.vue.vm with loader org.apache.velocity.runtime.resource.loader.ClasspathResourceLoader
2021-11-26 15:24:30,472 - Null reference [template '/templates/saber/crud.vue.vm', line 102, column 16] : $message cannot be resolved.
2021-11-26 15:24:30,472 - Null reference [template '/templates/saber/crud.vue.vm', line 115, column 16] : $message cannot be resolved.
2021-11-26 15:24:30,472 - Null reference [template '/templates/saber/crud.vue.vm', line 126, column 14] : $confirm cannot be resolved.
2021-11-26 15:24:30,473 - Null reference [template '/templates/saber/crud.vue.vm', line 136, column 18] : $message cannot be resolved.
2021-11-26 15:24:30,473 - Null reference [template '/templates/saber/crud.vue.vm', line 144, column 16] : $message.warning("请选择至少一条数据") cannot be resolved.
2021-11-26 15:24:30,473 - Null reference [template '/templates/saber/crud.vue.vm', line 147, column 14] : $confirm cannot be resolved.
2021-11-26 15:24:30,473 - Null reference [template '/templates/saber/crud.vue.vm', line 157, column 18] : $message cannot be resolved.
2021-11-26 15:24:30,473 - Null reference [template '/templates/saber/crud.vue.vm', line 161, column 18] : $refs.crud.toggleSelection() cannot be resolved.
2021-11-26 15:24:30,473 - Null reference [template '/templates/saber/crud.vue.vm', line 187, column 14] : $refs.crud.toggleSelection() cannot be resolved.
2021-11-26 15:24:30,489 - ResourceManager : found /templates/entity.java.vm with loader org.apache.velocity.runtime.resource.loader.ClasspathResourceLoader
2021-11-26 15:24:30,492 - Left side ($!{versionFieldName}) of '==' operation has null value. If it is a reference, it may not be in the context or its toString() returned null. /templates/entity.java.vm[line 95, column 27]
2021-11-26 15:24:30,492 - Left side ($!{logicDeleteFieldName}) of '==' operation has null value. If it is a reference, it may not be in the context or its toString() returned null. /templates/entity.java.vm[line 99, column 31]
2021-11-26 15:24:30,492 - Left side ($!{versionFieldName}) of '==' operation has null value. If it is a reference, it may not be in the context or its toString() returned null. /templates/entity.java.vm[line 95, column 27]
2021-11-26 15:24:30,492 - Left side ($!{logicDeleteFieldName}) of '==' operation has null value. If it is a reference, it may not be in the context or its toString() returned null. /templates/entity.java.vm[line 99, column 31]
2021-11-26 15:24:30,492 - Left side ($!{versionFieldName}) of '==' operation has null value. If it is a reference, it may not be in the context or its toString() returned null. /templates/entity.java.vm[line 95, column 27]
2021-11-26 15:24:30,492 - Left side ($!{logicDeleteFieldName}) of '==' operation has null value. If it is a reference, it may not be in the context or its toString() returned null. /templates/entity.java.vm[line 99, column 31]
2021-11-26 15:24:30,493 - Left side ($!{versionFieldName}) of '==' operation has null value. If it is a reference, it may not be in the context or its toString() returned null. /templates/entity.java.vm[line 95, column 27]
2021-11-26 15:24:30,493 - Left side ($!{logicDeleteFieldName}) of '==' operation has null value. If it is a reference, it may not be in the context or its toString() returned null. /templates/entity.java.vm[line 99, column 31]
2021-11-26 15:24:30,493 - Left side ($!{versionFieldName}) of '==' operation has null value. If it is a reference, it may not be in the context or its toString() returned null. /templates/entity.java.vm[line 95, column 27]
2021-11-26 15:24:30,493 - Left side ($!{logicDeleteFieldName}) of '==' operation has null value. If it is a reference, it may not be in the context or its toString() returned null. /templates/entity.java.vm[line 99, column 31]
2021-11-26 15:24:30,497 - ResourceManager : found /templates/mapper.java.vm with loader org.apache.velocity.runtime.resource.loader.ClasspathResourceLoader
2021-11-26 15:24:30,501 - ResourceManager : found /templates/mapper.xml.vm with loader org.apache.velocity.runtime.resource.loader.ClasspathResourceLoader
2021-11-26 15:24:30,506 - ResourceManager : found /templates/service.java.vm with loader org.apache.velocity.runtime.resource.loader.ClasspathResourceLoader
2021-11-26 15:24:30,513 - ResourceManager : found /templates/serviceImpl.java.vm with loader org.apache.velocity.runtime.resource.loader.ClasspathResourceLoader
2021-11-26 15:24:30,523 - ResourceManager : found /templates/controller.java.vm with loader org.apache.velocity.runtime.resource.loader.ClasspathResourceLoader
2021-11-26 15:25:43,593 - Log4JLogChute initialized using file 'velocity.log'
2021-11-26 15:25:43,593 - Log4JLogChute initialized using file 'velocity.log'
2021-11-26 15:25:43,594 - Initializing Velocity, Calling init()...
2021-11-26 15:25:43,594 - Initializing Velocity, Calling init()...
2021-11-26 15:25:43,594 - Starting Apache Velocity v1.7 (compiled: 2010-11-19 12:14:37)
2021-11-26 15:25:43,594 - Starting Apache Velocity v1.7 (compiled: 2010-11-19 12:14:37)
2021-11-26 15:25:43,594 - Default Properties File: org\apache\velocity\runtime\defaults\velocity.properties
2021-11-26 15:25:43,594 - Default Properties File: org\apache\velocity\runtime\defaults\velocity.properties
2021-11-26 15:25:43,594 - Trying to use logger class org.apache.velocity.runtime.log.AvalonLogChute
2021-11-26 15:25:43,594 - Trying to use logger class org.apache.velocity.runtime.log.AvalonLogChute
2021-11-26 15:25:43,594 - Target log system for org.apache.velocity.runtime.log.AvalonLogChute is not available (java.lang.NoClassDefFoundError: Could not initialize class org.apache.velocity.runtime.log.AvalonLogChute).  Falling back to next log system...
2021-11-26 15:25:43,594 - Target log system for org.apache.velocity.runtime.log.AvalonLogChute is not available (java.lang.NoClassDefFoundError: Could not initialize class org.apache.velocity.runtime.log.AvalonLogChute).  Falling back to next log system...
2021-11-26 15:25:43,594 - Trying to use logger class org.apache.velocity.runtime.log.Log4JLogChute
2021-11-26 15:25:43,594 - Trying to use logger class org.apache.velocity.runtime.log.Log4JLogChute
2021-11-26 15:25:43,594 - Using logger class org.apache.velocity.runtime.log.Log4JLogChute
2021-11-26 15:25:43,594 - Using logger class org.apache.velocity.runtime.log.Log4JLogChute
2021-11-26 15:25:43,594 - ResourceLoader instantiated: org.apache.velocity.runtime.resource.loader.ClasspathResourceLoader
2021-11-26 15:25:43,594 - ResourceLoader instantiated: org.apache.velocity.runtime.resource.loader.ClasspathResourceLoader
2021-11-26 15:25:43,594 - ResourceCache: initialized (class org.apache.velocity.runtime.resource.ResourceCacheImpl) with class java.util.Collections$SynchronizedMap cache map.
2021-11-26 15:25:43,594 - ResourceCache: initialized (class org.apache.velocity.runtime.resource.ResourceCacheImpl) with class java.util.Collections$SynchronizedMap cache map.
2021-11-26 15:25:43,595 - Loaded System Directive: org.apache.velocity.runtime.directive.Stop
2021-11-26 15:25:43,595 - Loaded System Directive: org.apache.velocity.runtime.directive.Stop
2021-11-26 15:25:43,595 - Loaded System Directive: org.apache.velocity.runtime.directive.Define
2021-11-26 15:25:43,595 - Loaded System Directive: org.apache.velocity.runtime.directive.Define
2021-11-26 15:25:43,595 - Loaded System Directive: org.apache.velocity.runtime.directive.Break
2021-11-26 15:25:43,595 - Loaded System Directive: org.apache.velocity.runtime.directive.Break
2021-11-26 15:25:43,596 - Loaded System Directive: org.apache.velocity.runtime.directive.Evaluate
2021-11-26 15:25:43,596 - Loaded System Directive: org.apache.velocity.runtime.directive.Evaluate
2021-11-26 15:25:43,596 - Loaded System Directive: org.apache.velocity.runtime.directive.Literal
2021-11-26 15:25:43,596 - Loaded System Directive: org.apache.velocity.runtime.directive.Literal
2021-11-26 15:25:43,596 - Loaded System Directive: org.apache.velocity.runtime.directive.Macro
2021-11-26 15:25:43,596 - Loaded System Directive: org.apache.velocity.runtime.directive.Macro
2021-11-26 15:25:43,596 - Loaded System Directive: org.apache.velocity.runtime.directive.Parse
2021-11-26 15:25:43,596 - Loaded System Directive: org.apache.velocity.runtime.directive.Parse
2021-11-26 15:25:43,596 - Loaded System Directive: org.apache.velocity.runtime.directive.Include
2021-11-26 15:25:43,596 - Loaded System Directive: org.apache.velocity.runtime.directive.Include
2021-11-26 15:25:43,596 - Loaded System Directive: org.apache.velocity.runtime.directive.Foreach
2021-11-26 15:25:43,596 - Loaded System Directive: org.apache.velocity.runtime.directive.Foreach
2021-11-26 15:25:43,597 - Created '20' parsers.
2021-11-26 15:25:43,597 - Created '20' parsers.
2021-11-26 15:25:43,597 - Velocimacro : "velocimacro.library" is not set.  Trying default library: VM_global_library.vm
2021-11-26 15:25:43,597 - Velocimacro : "velocimacro.library" is not set.  Trying default library: VM_global_library.vm
2021-11-26 15:25:43,597 - Could not load resource 'VM_global_library.vm' from ResourceLoader org.apache.velocity.runtime.resource.loader.ClasspathResourceLoader: ClasspathResourceLoader Error: cannot find resource VM_global_library.vm
2021-11-26 15:25:43,597 - Could not load resource 'VM_global_library.vm' from ResourceLoader org.apache.velocity.runtime.resource.loader.ClasspathResourceLoader: ClasspathResourceLoader Error: cannot find resource VM_global_library.vm
2021-11-26 15:25:43,598 - Velocimacro : Default library not found.
2021-11-26 15:25:43,598 - Velocimacro : Default library not found.
2021-11-26 15:25:43,598 - Velocimacro : allowInline = true : VMs can be defined inline in templates
2021-11-26 15:25:43,598 - Velocimacro : allowInline = true : VMs can be defined inline in templates
2021-11-26 15:25:43,598 - Velocimacro : allowInlineToOverride = false : VMs defined inline may NOT replace previous VM definitions
2021-11-26 15:25:43,598 - Velocimacro : allowInlineToOverride = false : VMs defined inline may NOT replace previous VM definitions
2021-11-26 15:25:43,598 - Velocimacro : allowInlineLocal = false : VMs defined inline will be global in scope if allowed.
2021-11-26 15:25:43,598 - Velocimacro : allowInlineLocal = false : VMs defined inline will be global in scope if allowed.
2021-11-26 15:25:43,598 - Velocimacro : autoload off : VM system will not automatically reload global library macros
2021-11-26 15:25:43,598 - Velocimacro : autoload off : VM system will not automatically reload global library macros
2021-11-26 15:25:43,601 - ResourceManager : found /templates/sql/menu.sql.vm with loader org.apache.velocity.runtime.resource.loader.ClasspathResourceLoader
2021-11-26 15:25:43,601 - ResourceManager : found /templates/sql/menu.sql.vm with loader org.apache.velocity.runtime.resource.loader.ClasspathResourceLoader
2021-11-26 15:25:43,608 - ResourceManager : found /templates/entityVO.java.vm with loader org.apache.velocity.runtime.resource.loader.ClasspathResourceLoader
2021-11-26 15:25:43,608 - ResourceManager : found /templates/entityVO.java.vm with loader org.apache.velocity.runtime.resource.loader.ClasspathResourceLoader
2021-11-26 15:25:43,612 - ResourceManager : found /templates/entityDTO.java.vm with loader org.apache.velocity.runtime.resource.loader.ClasspathResourceLoader
2021-11-26 15:25:43,612 - ResourceManager : found /templates/entityDTO.java.vm with loader org.apache.velocity.runtime.resource.loader.ClasspathResourceLoader
2021-11-26 15:25:43,627 - ResourceManager : found /templates/wrapper.java.vm with loader org.apache.velocity.runtime.resource.loader.ClasspathResourceLoader
2021-11-26 15:25:43,627 - ResourceManager : found /templates/wrapper.java.vm with loader org.apache.velocity.runtime.resource.loader.ClasspathResourceLoader
2021-11-26 15:25:43,631 - ResourceManager : found /templates/saber/api.js.vm with loader org.apache.velocity.runtime.resource.loader.ClasspathResourceLoader
2021-11-26 15:25:43,631 - ResourceManager : found /templates/saber/api.js.vm with loader org.apache.velocity.runtime.resource.loader.ClasspathResourceLoader
2021-11-26 15:25:43,636 - ResourceManager : found /templates/saber/crud.vue.vm with loader org.apache.velocity.runtime.resource.loader.ClasspathResourceLoader
2021-11-26 15:25:43,636 - ResourceManager : found /templates/saber/crud.vue.vm with loader org.apache.velocity.runtime.resource.loader.ClasspathResourceLoader
2021-11-26 15:25:43,640 - Null reference [template '/templates/saber/crud.vue.vm', line 102, column 16] : $message cannot be resolved.
2021-11-26 15:25:43,640 - Null reference [template '/templates/saber/crud.vue.vm', line 102, column 16] : $message cannot be resolved.
2021-11-26 15:25:43,640 - Null reference [template '/templates/saber/crud.vue.vm', line 115, column 16] : $message cannot be resolved.
2021-11-26 15:25:43,640 - Null reference [template '/templates/saber/crud.vue.vm', line 115, column 16] : $message cannot be resolved.
2021-11-26 15:25:43,640 - Null reference [template '/templates/saber/crud.vue.vm', line 126, column 14] : $confirm cannot be resolved.
2021-11-26 15:25:43,640 - Null reference [template '/templates/saber/crud.vue.vm', line 126, column 14] : $confirm cannot be resolved.
2021-11-26 15:25:43,640 - Null reference [template '/templates/saber/crud.vue.vm', line 136, column 18] : $message cannot be resolved.
2021-11-26 15:25:43,640 - Null reference [template '/templates/saber/crud.vue.vm', line 136, column 18] : $message cannot be resolved.
2021-11-26 15:25:43,641 - Null reference [template '/templates/saber/crud.vue.vm', line 144, column 16] : $message.warning("请选择至少一条数据") cannot be resolved.
2021-11-26 15:25:43,641 - Null reference [template '/templates/saber/crud.vue.vm', line 144, column 16] : $message.warning("请选择至少一条数据") cannot be resolved.
2021-11-26 15:25:43,641 - Null reference [template '/templates/saber/crud.vue.vm', line 147, column 14] : $confirm cannot be resolved.
2021-11-26 15:25:43,641 - Null reference [template '/templates/saber/crud.vue.vm', line 147, column 14] : $confirm cannot be resolved.
2021-11-26 15:25:43,641 - Null reference [template '/templates/saber/crud.vue.vm', line 157, column 18] : $message cannot be resolved.
2021-11-26 15:25:43,641 - Null reference [template '/templates/saber/crud.vue.vm', line 157, column 18] : $message cannot be resolved.
2021-11-26 15:25:43,641 - Null reference [template '/templates/saber/crud.vue.vm', line 161, column 18] : $refs.crud.toggleSelection() cannot be resolved.
2021-11-26 15:25:43,641 - Null reference [template '/templates/saber/crud.vue.vm', line 161, column 18] : $refs.crud.toggleSelection() cannot be resolved.
2021-11-26 15:25:43,641 - Null reference [template '/templates/saber/crud.vue.vm', line 187, column 14] : $refs.crud.toggleSelection() cannot be resolved.
2021-11-26 15:25:43,641 - Null reference [template '/templates/saber/crud.vue.vm', line 187, column 14] : $refs.crud.toggleSelection() cannot be resolved.
2021-11-26 15:25:43,658 - ResourceManager : found /templates/entity.java.vm with loader org.apache.velocity.runtime.resource.loader.ClasspathResourceLoader
2021-11-26 15:25:43,658 - ResourceManager : found /templates/entity.java.vm with loader org.apache.velocity.runtime.resource.loader.ClasspathResourceLoader
2021-11-26 15:25:43,660 - Left side ($!{versionFieldName}) of '==' operation has null value. If it is a reference, it may not be in the context or its toString() returned null. /templates/entity.java.vm[line 95, column 27]
2021-11-26 15:25:43,660 - Left side ($!{versionFieldName}) of '==' operation has null value. If it is a reference, it may not be in the context or its toString() returned null. /templates/entity.java.vm[line 95, column 27]
2021-11-26 15:25:43,660 - Left side ($!{logicDeleteFieldName}) of '==' operation has null value. If it is a reference, it may not be in the context or its toString() returned null. /templates/entity.java.vm[line 99, column 31]
2021-11-26 15:25:43,660 - Left side ($!{logicDeleteFieldName}) of '==' operation has null value. If it is a reference, it may not be in the context or its toString() returned null. /templates/entity.java.vm[line 99, column 31]
2021-11-26 15:25:43,660 - Left side ($!{versionFieldName}) of '==' operation has null value. If it is a reference, it may not be in the context or its toString() returned null. /templates/entity.java.vm[line 95, column 27]
2021-11-26 15:25:43,660 - Left side ($!{versionFieldName}) of '==' operation has null value. If it is a reference, it may not be in the context or its toString() returned null. /templates/entity.java.vm[line 95, column 27]
2021-11-26 15:25:43,661 - Left side ($!{logicDeleteFieldName}) of '==' operation has null value. If it is a reference, it may not be in the context or its toString() returned null. /templates/entity.java.vm[line 99, column 31]
2021-11-26 15:25:43,661 - Left side ($!{logicDeleteFieldName}) of '==' operation has null value. If it is a reference, it may not be in the context or its toString() returned null. /templates/entity.java.vm[line 99, column 31]
2021-11-26 15:25:43,661 - Left side ($!{versionFieldName}) of '==' operation has null value. If it is a reference, it may not be in the context or its toString() returned null. /templates/entity.java.vm[line 95, column 27]
2021-11-26 15:25:43,661 - Left side ($!{versionFieldName}) of '==' operation has null value. If it is a reference, it may not be in the context or its toString() returned null. /templates/entity.java.vm[line 95, column 27]
2021-11-26 15:25:43,661 - Left side ($!{logicDeleteFieldName}) of '==' operation has null value. If it is a reference, it may not be in the context or its toString() returned null. /templates/entity.java.vm[line 99, column 31]
2021-11-26 15:25:43,661 - Left side ($!{logicDeleteFieldName}) of '==' operation has null value. If it is a reference, it may not be in the context or its toString() returned null. /templates/entity.java.vm[line 99, column 31]
2021-11-26 15:25:43,661 - Left side ($!{versionFieldName}) of '==' operation has null value. If it is a reference, it may not be in the context or its toString() returned null. /templates/entity.java.vm[line 95, column 27]
2021-11-26 15:25:43,661 - Left side ($!{versionFieldName}) of '==' operation has null value. If it is a reference, it may not be in the context or its toString() returned null. /templates/entity.java.vm[line 95, column 27]
2021-11-26 15:25:43,661 - Left side ($!{logicDeleteFieldName}) of '==' operation has null value. If it is a reference, it may not be in the context or its toString() returned null. /templates/entity.java.vm[line 99, column 31]
2021-11-26 15:25:43,661 - Left side ($!{logicDeleteFieldName}) of '==' operation has null value. If it is a reference, it may not be in the context or its toString() returned null. /templates/entity.java.vm[line 99, column 31]
2021-11-26 15:25:43,661 - Left side ($!{versionFieldName}) of '==' operation has null value. If it is a reference, it may not be in the context or its toString() returned null. /templates/entity.java.vm[line 95, column 27]
2021-11-26 15:25:43,661 - Left side ($!{versionFieldName}) of '==' operation has null value. If it is a reference, it may not be in the context or its toString() returned null. /templates/entity.java.vm[line 95, column 27]
2021-11-26 15:25:43,661 - Left side ($!{logicDeleteFieldName}) of '==' operation has null value. If it is a reference, it may not be in the context or its toString() returned null. /templates/entity.java.vm[line 99, column 31]
2021-11-26 15:25:43,661 - Left side ($!{logicDeleteFieldName}) of '==' operation has null value. If it is a reference, it may not be in the context or its toString() returned null. /templates/entity.java.vm[line 99, column 31]
2021-11-26 15:25:43,665 - ResourceManager : found /templates/mapper.java.vm with loader org.apache.velocity.runtime.resource.loader.ClasspathResourceLoader
2021-11-26 15:25:43,665 - ResourceManager : found /templates/mapper.java.vm with loader org.apache.velocity.runtime.resource.loader.ClasspathResourceLoader
2021-11-26 15:25:43,673 - ResourceManager : found /templates/mapper.xml.vm with loader org.apache.velocity.runtime.resource.loader.ClasspathResourceLoader
2021-11-26 15:25:43,673 - ResourceManager : found /templates/mapper.xml.vm with loader org.apache.velocity.runtime.resource.loader.ClasspathResourceLoader
2021-11-26 15:25:43,678 - ResourceManager : found /templates/service.java.vm with loader org.apache.velocity.runtime.resource.loader.ClasspathResourceLoader
2021-11-26 15:25:43,678 - ResourceManager : found /templates/service.java.vm with loader org.apache.velocity.runtime.resource.loader.ClasspathResourceLoader
2021-11-26 15:25:43,683 - ResourceManager : found /templates/serviceImpl.java.vm with loader org.apache.velocity.runtime.resource.loader.ClasspathResourceLoader
2021-11-26 15:25:43,683 - ResourceManager : found /templates/serviceImpl.java.vm with loader org.apache.velocity.runtime.resource.loader.ClasspathResourceLoader
2021-11-26 15:25:43,697 - ResourceManager : found /templates/controller.java.vm with loader org.apache.velocity.runtime.resource.loader.ClasspathResourceLoader
2021-11-26 15:25:43,697 - ResourceManager : found /templates/controller.java.vm with loader org.apache.velocity.runtime.resource.loader.ClasspathResourceLoader
